<?xml version="1.0" encoding="UTF-8"?>
<!-- Generated by org.testng.reporters.JUnitReportReporter -->
<testsuite skipped="2" hostname="zaman" name="com.qa.project.tests.HomePageTest" tests="3" failures="0" timestamp="11 Dec 2019 20:50:47 GMT" time="15.929" errors="0">
  <testcase name="verifyHomePageTitleTest" time="15.929" classname="com.qa.project.tests.HomePageTest"/>
  <testcase name="clickshoplinkTest" classname="com.qa.project.tests.HomePageTest">
    <skipped/>
  </testcase> <!-- clickshoplinkTest -->
  <testcase name="clickshopTest" classname="com.qa.project.tests.HomePageTest">
    <skipped/>
  </testcase> <!-- clickshopTest -->
</testsuite> <!-- com.qa.project.tests.HomePageTest -->
